11:48:01 - "scalac" is not found on the PATH.  Scala files will not be recompiled
11:52:45 - !! Modified jar detected. Unpredictable results !!
12:10:37 - !! Missing server jar file. Aborting !!
15:26:05 - "scalac" is not found on the PATH.  Scala files will not be recompiled
15:38:46 - "scalac" is not found on the PATH.  Scala files will not be recompiled
15:41:47 - "scalac" is not found on the PATH.  Scala files will not be recompiled
11:20:09 - "scalac" is not found on the PATH.  Scala files will not be recompiled
11:22:54 - !! Can not find server sources, try decompiling !!
12:13:34 - "scalac" is not found on the PATH.  Scala files will not be recompiled
12:17:15 - !! Can not find server sources, try decompiling !!
12:17:47 - "scalac" is not found on the PATH.  Scala files will not be recompiled
12:19:43 - "scalac" is not found on the PATH.  Scala files will not be recompiled
12:50:07 - "scalac" is not found on the PATH.  Scala files will not be recompiled
12:53:46 - !! Can not find server sources, try decompiling !!
12:54:21 - "scalac" is not found on the PATH.  Scala files will not be recompiled
13:07:58 - "scalac" is not found on the PATH.  Scala files will not be recompiled
13:10:51 - !! Can not find server sources, try decompiling !!
13:13:11 - "scalac" is not found on the PATH.  Scala files will not be recompiled
13:36:21 - "scalac" is not found on the PATH.  Scala files will not be recompiled
13:38:55 - !! Can not find server sources, try decompiling !!
14:40:22 - "scalac" is not found on the PATH.  Scala files will not be recompiled
15:04:03 - "scalac" is not found on the PATH.  Scala files will not be recompiled
15:06:53 - !! Can not find server sources, try decompiling !!
15:06:59 - "scalac" is not found on the PATH.  Scala files will not be recompiled
15:48:59 - "scalac" is not found on the PATH.  Scala files will not be recompiled
15:52:17 - !! Can not find server sources, try decompiling !!
15:52:25 - "scalac" is not found on the PATH.  Scala files will not be recompiled
16:08:25 - "scalac" is not found on the PATH.  Scala files will not be recompiled
16:46:43 - "scalac" is not found on the PATH.  Scala files will not be recompiled
16:50:03 - !! Can not find server sources, try decompiling !!
16:50:49 - "scalac" is not found on the PATH.  Scala files will not be recompiled
16:57:59 - "scalac" is not found on the PATH.  Scala files will not be recompiled
17:01:42 - !! Can not find server sources, try decompiling !!
17:02:25 - "scalac" is not found on the PATH.  Scala files will not be recompiled
17:12:45 - "scalac" is not found on the PATH.  Scala files will not be recompiled
17:16:41 - !! Can not find server sources, try decompiling !!
11:54:01 - "scalac" is not found on the PATH.  Scala files will not be recompiled
11:56:57 - !! Can not find server sources, try decompiling !!
11:57:24 - "scalac" is not found on the PATH.  Scala files will not be recompiled
11:59:37 - "scalac" is not found on the PATH.  Scala files will not be recompiled
14:47:27 - "scalac" is not found on the PATH.  Scala files will not be recompiled
15:02:28 - "scalac" is not found on the PATH.  Scala files will not be recompiled
15:05:46 - !! Can not find server sources, try decompiling !!
16:06:12 - "scalac" is not found on the PATH.  Scala files will not be recompiled
16:09:02 - !! Can not find server sources, try decompiling !!
16:09:45 - "scalac" is not found on the PATH.  Scala files will not be recompiled
16:33:28 - "scalac" is not found on the PATH.  Scala files will not be recompiled
16:36:39 - !! Can not find server sources, try decompiling !!
16:36:56 - "scalac" is not found on the PATH.  Scala files will not be recompiled
17:17:26 - "scalac" is not found on the PATH.  Scala files will not be recompiled
17:20:22 - !! Can not find server sources, try decompiling !!
17:20:28 - "scalac" is not found on the PATH.  Scala files will not be recompiled
18:25:11 - "scalac" is not found on the PATH.  Scala files will not be recompiled
18:27:54 - !! Can not find server sources, try decompiling !!
18:28:18 - "scalac" is not found on the PATH.  Scala files will not be recompiled
05:05:39 - "scalac" is not found on the PATH.  Scala files will not be recompiled
05:07:23 - !! Can not find server sources, try decompiling !!
05:07:29 - "scalac" is not found on the PATH.  Scala files will not be recompiled
05:10:10 - "scalac" is not found on the PATH.  Scala files will not be recompiled
07:42:50 - "scalac" is not found on the PATH.  Scala files will not be recompiled
07:45:45 - !! Can not find server sources, try decompiling !!
07:49:21 - "scalac" is not found on the PATH.  Scala files will not be recompiled
07:53:07 - !! Can not find server sources, try decompiling !!
07:53:53 - "scalac" is not found on the PATH.  Scala files will not be recompiled
07:55:40 - "scalac" is not found on the PATH.  Scala files will not be recompiled
08:17:00 - "scalac" is not found on the PATH.  Scala files will not be recompiled
10:28:12 - "scalac" is not found on the PATH.  Scala files will not be recompiled
10:31:22 - !! Can not find server sources, try decompiling !!
10:43:30 - "scalac" is not found on the PATH.  Scala files will not be recompiled
14:19:44 - "scalac" is not found on the PATH.  Scala files will not be recompiled
14:22:55 - !! Can not find server sources, try decompiling !!
14:27:31 - "scalac" is not found on the PATH.  Scala files will not be recompiled
14:30:51 - !! Can not find server sources, try decompiling !!
14:31:48 - "scalac" is not found on the PATH.  Scala files will not be recompiled
16:18:26 - "scalac" is not found on the PATH.  Scala files will not be recompiled
17:30:42 - "scalac" is not found on the PATH.  Scala files will not be recompiled
17:33:53 - !! Can not find server sources, try decompiling !!
17:56:39 - "scalac" is not found on the PATH.  Scala files will not be recompiled
17:59:31 - '"C:\Program Files\Java\jdk1.8.0_202\bin\javac" -Xlint:-options -deprecation -g -source 1.8 -target 1.8 -classpath "jars\versions\1.12.2\1.12.2.jar;lib;lib\*;jars\libraries\com\google\code\findbugs\jsr305\3.0.1\jsr305-3.0.1.jar;jars\libraries\net\java\jinput\jinput\2.0.5\jinput-2.0.5.jar;jars\libraries\com\ibm\icu\icu4j-core-mojang\51.2\icu4j-core-mojang-51.2.jar;jars\libraries\org\apache\httpcomponents\httpcore\4.3.2\httpcore-4.3.2.jar;jars\libraries\org\apache\logging\log4j\log4j-api\2.8.1\log4j-api-2.8.1.jar;jars\libraries\org\apache\commons\commons-lang3\3.5\commons-lang3-3.5.jar;jars\libraries\net\java\dev\jna\jna\4.4.0\jna-4.4.0.jar;jars\libraries\org\lwjgl\lwjgl\lwjgl-platform\2.9.4-nightly-20150209\lwjgl-platform-2.9.4-nightly-20150209-natives-windows.jar;jars\libraries\com\paulscode\libraryjavasound\20101123\libraryjavasound-20101123.jar;jars\libraries\net\sf\jopt-simple\jopt-simple\5.0.3\jopt-simple-5.0.3.jar;jars\libraries\com\mojang\text2speech\1.10.3\text2speech-1.10.3.jar;jars\libraries\com\google\guava\guava\21.0\guava-21.0.jar;jars\libraries\oshi-project\oshi-core\1.1\oshi-core-1.1.jar;jars\libraries\org\apache\httpcomponents\httpclient\4.3.3\httpclient-4.3.3.jar;jars\libraries\org\apache\commons\commons-compress\1.8.1\commons-compress-1.8.1.jar;jars\libraries\com\mojang\text2speech\1.10.3\text2speech-1.10.3-natives-windows.jar;jars\libraries\it\unimi\dsi\fastutil\7.1.0\fastutil-7.1.0.jar;jars\libraries\net\java\dev\jna\platform\3.4.0\platform-3.4.0.jar;jars\libraries\com\paulscode\codecjorbis\20101023\codecjorbis-20101023.jar;jars\libraries\com\paulscode\soundsystem\20120107\soundsystem-20120107.jar;jars\libraries\com\paulscode\librarylwjglopenal\20100824\librarylwjglopenal-20100824.jar;jars\libraries\org\lwjgl\lwjgl\lwjgl_util\2.9.4-nightly-20150209\lwjgl_util-2.9.4-nightly-20150209.jar;jars\libraries\commons-codec\commons-codec\1.10\commons-codec-1.10.jar;jars\libraries\net\java\jutils\jutils\1.0.0\jutils-1.0.0.jar;jars\libraries\com\mojang\patchy\1.3.9\patchy-1.3.9.jar;jars\libraries\commons-logging\commons-logging\1.1.3\commons-logging-1.1.3.jar;jars\libraries\org\lwjgl\lwjgl\lwjgl\2.9.4-nightly-20150209\lwjgl-2.9.4-nightly-20150209.jar;jars\libraries\commons-io\commons-io\2.5\commons-io-2.5.jar;jars\libraries\com\mojang\realms\1.10.22\realms-1.10.22.jar;jars\libraries\com\mojang\authlib\1.5.25\authlib-1.5.25.jar;jars\libraries\com\google\code\gson\gson\2.8.0\gson-2.8.0.jar;jars\libraries\net\java\jinput\jinput-platform\2.0.5\jinput-platform-2.0.5-natives-windows.jar;jars\libraries\com\paulscode\codecwav\20101023\codecwav-20101023.jar;jars\libraries\org\apache\logging\log4j\log4j-core\2.8.1\log4j-core-2.8.1.jar;jars\libraries\io\netty\netty-all\4.1.9.Final\netty-all-4.1.9.Final.jar" -sourcepath src\minecraft -d bin\minecraft @temp\java_src_client.txt' failed : 1
17:59:31 - 
17:59:31 - == ERRORS FOUND in JAVA CODE ==
17:59:31 - 
17:59:31 - src\minecraft\net\minecraft\network\NetworkSystem.java:16: warning: [deprecation] LocalEventLoopGroup in io.netty.channel.local has been deprecated
17:59:31 - import io.netty.channel.local.LocalEventLoopGroup;
17:59:31 -                              ^
17:59:31 - 
17:59:31 - src\minecraft\net\minecraft\network\NetworkManager.java:19: warning: [deprecation] LocalEventLoopGroup in io.netty.channel.local has been deprecated
17:59:31 - import io.netty.channel.local.LocalEventLoopGroup;
17:59:31 -                              ^
17:59:31 - 
17:59:31 - src\minecraft\net\minecraft\world\chunk\storage\AnvilSaveConverter.java:18: warning: [deprecation] I18n in net.minecraft.util.text.translation has been deprecated
17:59:31 - import net.minecraft.util.text.translation.I18n;
17:59:31 -                                           ^
17:59:31 - 
17:59:31 - src\minecraft\net\minecraft\network\NetworkSystem.java:16: warning: [deprecation] LocalEventLoopGroup in io.netty.channel.local has been deprecated
17:59:31 - import io.netty.channel.local.LocalEventLoopGroup;
17:59:31 -                              ^
17:59:31 - 
17:59:31 - src\minecraft\net\minecraft\network\NetworkManager.java:19: warning: [deprecation] LocalEventLoopGroup in io.netty.channel.local has been deprecated
17:59:31 - import io.netty.channel.local.LocalEventLoopGroup;
17:59:31 -                              ^
17:59:31 - 
17:59:31 - src\minecraft\net\minecraft\world\chunk\storage\AnvilSaveConverter.java:18: warning: [deprecation] I18n in net.minecraft.util.text.translation has been deprecated
17:59:31 - import net.minecraft.util.text.translation.I18n;
17:59:31 -                                           ^
17:59:31 - 
17:59:31 - src\minecraft\net\minecraft\network\NetworkSystem.java:16: warning: [deprecation] LocalEventLoopGroup in io.netty.channel.local has been deprecated
17:59:31 - import io.netty.channel.local.LocalEventLoopGroup;
17:59:31 -                              ^
17:59:31 - 
17:59:31 - src\minecraft\net\minecraft\network\NetworkManager.java:19: warning: [deprecation] LocalEventLoopGroup in io.netty.channel.local has been deprecated
17:59:31 - import io.netty.channel.local.LocalEventLoopGroup;
17:59:31 -                              ^
17:59:31 - 
17:59:31 - src\minecraft\net\minecraft\world\chunk\storage\AnvilSaveConverter.java:18: warning: [deprecation] I18n in net.minecraft.util.text.translation has been deprecated
17:59:31 - import net.minecraft.util.text.translation.I18n;
17:59:31 -                                           ^
17:59:31 - 
17:59:31 - src\minecraft\net\minecraft\item\Item.java:355: warning: [deprecation] I18n in net.minecraft.util.text.translation has been deprecated
17:59:31 -         return I18n.translateToLocal(this.getUnlocalizedName(stack));
17:59:31 -                ^
17:59:31 - 
17:59:31 - src\minecraft\net\minecraft\item\Item.java:355: warning: [deprecation] translateToLocal(String) in I18n has been deprecated
17:59:31 -         return I18n.translateToLocal(this.getUnlocalizedName(stack));
17:59:31 -                    ^
17:59:31 - 
17:59:31 - src\minecraft\net\minecraft\item\Item.java:458: warning: [deprecation] I18n in net.minecraft.util.text.translation has been deprecated
17:59:31 -         return I18n.translateToLocal(this.getUnlocalizedNameInefficiently(stack) + ".name").trim();
17:59:31 -                ^
17:59:31 - 
17:59:31 - src\minecraft\net\minecraft\item\Item.java:458: warning: [deprecation] translateToLocal(String) in I18n has been deprecated
17:59:31 -         return I18n.translateToLocal(this.getUnlocalizedNameInefficiently(stack) + ".name").trim();
17:59:31 -                    ^
17:59:31 - 
17:59:31 - src\minecraft\net\minecraft\item\ItemStack.java:689: warning: [deprecation] I18n in net.minecraft.util.text.translation has been deprecated
17:59:31 -                 return I18n.translateToLocal(nbttagcompound.getString("LocName"));
17:59:31 -                        ^
17:59:31 - 
17:59:31 - src\minecraft\net\minecraft\item\ItemStack.java:689: warning: [deprecation] translateToLocal(String) in I18n has been deprecated
17:59:31 -                 return I18n.translateToLocal(nbttagcompound.getString("LocName"));
17:59:31 -                            ^
17:59:31 - 
17:59:31 - src\minecraft\net\minecraft\item\ItemStack.java:819: warning: [deprecation] I18n in net.minecraft.util.text.translation has been deprecated
17:59:31 -                         list.add(I18n.translateToLocalFormatted("item.color", String.format("#%06X", nbttagcompound1.getInteger("color"))));
17:59:31 -                                  ^
17:59:31 - 
17:59:31 - src\minecraft\net\minecraft\item\ItemStack.java:819: warning: [deprecation] translateToLocalFormatted(String,Object...) in I18n has been deprecated
17:59:31 -                         list.add(I18n.translateToLocalFormatted("item.color", String.format("#%06X", nbttagcompound1.getInteger("color"))));
17:59:31 -                                      ^
17:59:31 - 
17:59:31 - src\minecraft\net\minecraft\item\ItemStack.java:823: warning: [deprecation] I18n in net.minecraft.util.text.translation has been deprecated
17:59:31 -                         list.add(TextFormatting.ITALIC + I18n.translateToLocal("item.dyed"));
17:59:31 -                                                          ^
17:59:31 - 
17:59:31 - src\minecraft\net\minecraft\item\ItemStack.java:823: warning: [deprecation] translateToLocal(String) in I18n has been deprecated
17:59:31 -                         list.add(TextFormatting.ITALIC + I18n.translateToLocal("item.dyed"));
17:59:31 -                                                              ^
17:59:31 - 
17:59:31 - src\minecraft\net\minecraft\item\ItemStack.java:849: warning: [deprecation] I18n in net.minecraft.util.text.translation has been deprecated
17:59:31 -                 list.add(I18n.translateToLocal("item.modifiers." + entityequipmentslot.getName()));
17:59:31 -                          ^
17:59:31 - 
17:59:31 - src\minecraft\net\minecraft\item\ItemStack.java:849: warning: [deprecation] translateToLocal(String) in I18n has been deprecated
17:59:31 -                 list.add(I18n.translateToLocal("item.modifiers." + entityequipmentslot.getName()));
17:59:31 -                              ^
17:59:31 - 
17:59:31 - src\minecraft\net\minecraft\item\ItemStack.java:885: warning: [deprecation] I18n in net.minecraft.util.text.translation has been deprecated
17:59:31 -                         list.add(" " + I18n.translateToLocalFormatted("attribute.modifier.equals." + attributemodifier.getOperation(), DECIMALFORMAT.format(d1), I18n.translateToLocal("attribute.name." + (String)entry.getKey())));
17:59:31 -                                                                                                                                                                  ^
17:59:31 - 
17:59:31 - src\minecraft\net\minecraft\item\ItemStack.java:885: warning: [deprecation] translateToLocal(String) in I18n has been deprecated
17:59:31 -                         list.add(" " + I18n.translateToLocalFormatted("attribute.modifier.equals." + attributemodifier.getOperation(), DECIMALFORMAT.format(d1), I18n.translateToLocal("attribute.name." + (String)entry.getKey())));
17:59:31 -                                                                                                                                                                      ^
17:59:31 - 
17:59:31 - src\minecraft\net\minecraft\item\ItemStack.java:885: warning: [deprecation] I18n in net.minecraft.util.text.translation has been deprecated
17:59:31 -                         list.add(" " + I18n.translateToLocalFormatted("attribute.modifier.equals." + attributemodifier.getOperation(), DECIMALFORMAT.format(d1), I18n.translateToLocal("attribute.name." + (String)entry.getKey())));
17:59:31 -                                        ^
17:59:31 - 
17:59:31 - src\minecraft\net\minecraft\item\ItemStack.java:885: warning: [deprecation] translateToLocalFormatted(String,Object...) in I18n has been deprecated
17:59:31 -                         list.add(" " + I18n.translateToLocalFormatted("attribute.modifier.equals." + attributemodifier.getOperation(), DECIMALFORMAT.format(d1), I18n.translateToLocal("attribute.name." + (String)entry.getKey())));
17:59:31 -                                            ^
17:59:31 - 
17:59:31 - src\minecraft\net\minecraft\item\ItemStack.java:889: warning: [deprecation] I18n in net.minecraft.util.text.translation has been deprecated
17:59:31 -                         list.add(TextFormatting.BLUE + " " + I18n.translateToLocalFormatted("attribute.modifier.plus." + attributemodifier.getOperation(), DECIMALFORMAT.format(d1), I18n.translateToLocal("attribute.name." + (String)entry.getKey())));
17:59:31 -                                                                                                                                                                                      ^
17:59:31 - 
17:59:31 - src\minecraft\net\minecraft\item\ItemStack.java:889: warning: [deprecation] translateToLocal(String) in I18n has been deprecated
17:59:31 -                         list.add(TextFormatting.BLUE + " " + I18n.translateToLocalFormatted("attribute.modifier.plus." + attributemodifier.getOperation(), DECIMALFORMAT.format(d1), I18n.translateToLocal("attribute.name." + (String)entry.getKey())));
17:59:31 -                                                                                                                                                                                          ^
17:59:31 - 
17:59:31 - src\minecraft\net\minecraft\item\ItemStack.java:889: warning: [deprecation] I18n in net.minecraft.util.text.translation has been deprecated
17:59:31 -                         list.add(TextFormatting.BLUE + " " + I18n.translateToLocalFormatted("attribute.modifier.plus." + attributemodifier.getOperation(), DECIMALFORMAT.format(d1), I18n.translateToLocal("attribute.name." + (String)entry.getKey())));
17:59:31 -                                                              ^
17:59:31 - 
17:59:31 - src\minecraft\net\minecraft\item\ItemStack.java:889: warning: [deprecation] translateToLocalFormatted(String,Object...) in I18n has been deprecated
17:59:31 -                         list.add(TextFormatting.BLUE + " " + I18n.translateToLocalFormatted("attribute.modifier.plus." + attributemodifier.getOperation(), DECIMALFORMAT.format(d1), I18n.translateToLocal("attribute.name." + (String)entry.getKey())));
17:59:31 -                                                                  ^
17:59:31 - 
17:59:31 - src\minecraft\net\minecraft\item\ItemStack.java:894: warning: [deprecation] I18n in net.minecraft.util.text.translation has been deprecated
17:59:31 -                         list.add(TextFormatting.RED + " " + I18n.translateToLocalFormatted("attribute.modifier.take." + attributemodifier.getOperation(), DECIMALFORMAT.format(d1), I18n.translateToLocal("attribute.name." + (String)entry.getKey())));
17:59:31 -                                                                                                                                                                                     ^
17:59:31 - 
17:59:31 - src\minecraft\net\minecraft\item\ItemStack.java:894: warning: [deprecation] translateToLocal(String) in I18n has been deprecated
17:59:31 -                         list.add(TextFormatting.RED + " " + I18n.translateToLocalFormatted("attribute.modifier.take." + attributemodifier.getOperation(), DECIMALFORMAT.format(d1), I18n.translateToLocal("attribute.name." + (String)entry.getKey())));
17:59:31 -                                                                                                                                                                                         ^
17:59:31 - 
17:59:31 - src\minecraft\net\minecraft\item\ItemStack.java:894: warning: [deprecation] I18n in net.minecraft.util.text.translation has been deprecated
17:59:31 -                         list.add(TextFormatting.RED + " " + I18n.translateToLocalFormatted("attribute.modifier.take." + attributemodifier.getOperation(), DECIMALFORMAT.format(d1), I18n.translateToLocal("attribute.name." + (String)entry.getKey())));
17:59:31 -                                                             ^
17:59:31 - 
17:59:31 - src\minecraft\net\minecraft\item\ItemStack.java:894: warning: [deprecation] translateToLocalFormatted(String,Object...) in I18n has been deprecated
17:59:31 -                         list.add(TextFormatting.RED + " " + I18n.translateToLocalFormatted("attribute.modifier.take." + attributemodifier.getOperation(), DECIMALFORMAT.format(d1), I18n.translateToLocal("attribute.name." + (String)entry.getKey())));
17:59:32 -                                                                 ^
17:59:32 - 
17:59:32 - src\minecraft\net\minecraft\item\ItemStack.java:902: warning: [deprecation] I18n in net.minecraft.util.text.translation has been deprecated
17:59:32 -             list.add(TextFormatting.BLUE + I18n.translateToLocal("item.unbreakable"));
17:59:32 -                                            ^
17:59:32 - 
17:59:32 - src\minecraft\net\minecraft\item\ItemStack.java:902: warning: [deprecation] translateToLocal(String) in I18n has been deprecated
17:59:32 -             list.add(TextFormatting.BLUE + I18n.translateToLocal("item.unbreakable"));
17:59:32 -                                                ^
17:59:32 - 
17:59:32 - src\minecraft\net\minecraft\item\ItemStack.java:912: warning: [deprecation] I18n in net.minecraft.util.text.translation has been deprecated
17:59:32 -                 list.add(TextFormatting.GRAY + I18n.translateToLocal("item.canBreak"));
17:59:32 -                                                ^
17:59:32 - 
17:59:32 - src\minecraft\net\minecraft\item\ItemStack.java:912: warning: [deprecation] translateToLocal(String) in I18n has been deprecated
17:59:32 -                 list.add(TextFormatting.GRAY + I18n.translateToLocal("item.canBreak"));
17:59:32 -                                                    ^
17:59:32 - 
17:59:32 - src\minecraft\net\minecraft\item\ItemStack.java:937: warning: [deprecation] I18n in net.minecraft.util.text.translation has been deprecated
17:59:32 -                 list.add(TextFormatting.GRAY + I18n.translateToLocal("item.canPlace"));
17:59:32 -                                                ^
17:59:32 - 
17:59:32 - src\minecraft\net\minecraft\item\ItemStack.java:937: warning: [deprecation] translateToLocal(String) in I18n has been deprecated
17:59:32 -                 list.add(TextFormatting.GRAY + I18n.translateToLocal("item.canPlace"));
17:59:32 -                                                    ^
17:59:32 - 
17:59:32 - src\minecraft\net\minecraft\item\ItemStack.java:959: warning: [deprecation] I18n in net.minecraft.util.text.translation has been deprecated
17:59:32 -                 list.add(I18n.translateToLocalFormatted("item.durability", this.getMaxDamage() - this.getItemDamage(), this.getMaxDamage()));
17:59:32 -                          ^
17:59:32 - 
17:59:32 - src\minecraft\net\minecraft\item\ItemStack.java:959: warning: [deprecation] translateToLocalFormatted(String,Object...) in I18n has been deprecated
17:59:32 -                 list.add(I18n.translateToLocalFormatted("item.durability", this.getMaxDamage() - this.getItemDamage(), this.getMaxDamage()));
17:59:32 -                              ^
17:59:32 - 
17:59:32 - src\minecraft\net\minecraft\item\ItemStack.java:966: warning: [deprecation] I18n in net.minecraft.util.text.translation has been deprecated
17:59:32 -                 list.add(TextFormatting.DARK_GRAY + I18n.translateToLocalFormatted("item.nbt_tags", this.getTagCompound().getKeySet().size()));
17:59:32 -                                                     ^
17:59:32 - 
17:59:32 - src\minecraft\net\minecraft\item\ItemStack.java:966: warning: [deprecation] translateToLocalFormatted(String,Object...) in I18n has been deprecated
17:59:32 -                 list.add(TextFormatting.DARK_GRAY + I18n.translateToLocalFormatted("item.nbt_tags", this.getTagCompound().getKeySet().size()));
17:59:32 -                                                         ^
17:59:32 - 
17:59:32 - src\minecraft\net\minecraft\block\Block.java:964: warning: [deprecation] I18n in net.minecraft.util.text.translation has been deprecated
17:59:32 -         return I18n.translateToLocal(this.getUnlocalizedName() + ".name");
17:59:32 -                ^
17:59:32 - 
17:59:32 - src\minecraft\net\minecraft\block\Block.java:964: warning: [deprecation] translateToLocal(String) in I18n has been deprecated
17:59:32 -         return I18n.translateToLocal(this.getUnlocalizedName() + ".name");
17:59:32 -                    ^
17:59:32 - 
17:59:32 - src\minecraft\net\minecraft\entity\Entity.java:2806: warning: [deprecation] I18n in net.minecraft.util.text.translation has been deprecated
17:59:32 -             return I18n.translateToLocal("entity." + s + ".name");
17:59:32 -                    ^
17:59:32 - 
17:59:32 - src\minecraft\net\minecraft\entity\Entity.java:2806: warning: [deprecation] translateToLocal(String) in I18n has been deprecated
17:59:32 -             return I18n.translateToLocal("entity." + s + ".name");
17:59:32 -                        ^
17:59:32 - 
17:59:32 - src\minecraft\net\minecraft\enchantment\Enchantment.java:177: warning: [deprecation] I18n in net.minecraft.util.text.translation has been deprecated
17:59:32 -         String s = I18n.translateToLocal(this.getName());
17:59:32 -                    ^
17:59:32 - 
17:59:32 - src\minecraft\net\minecraft\enchantment\Enchantment.java:177: warning: [deprecation] translateToLocal(String) in I18n has been deprecated
17:59:32 -         String s = I18n.translateToLocal(this.getName());
17:59:32 -                        ^
17:59:32 - 
17:59:32 - src\minecraft\net\minecraft\enchantment\Enchantment.java:184: warning: [deprecation] I18n in net.minecraft.util.text.translation has been deprecated
17:59:32 -         return level == 1 && this.getMaxLevel() == 1 ? s : s + " " + I18n.translateToLocal("enchantment.level." + level);
17:59:32 -                                                                      ^
17:59:32 - 
17:59:32 - src\minecraft\net\minecraft\enchantment\Enchantment.java:184: warning: [deprecation] translateToLocal(String) in I18n has been deprecated
17:59:32 -         return level == 1 && this.getMaxLevel() == 1 ? s : s + " " + I18n.translateToLocal("enchantment.level." + level);
17:59:32 -                                                                          ^
17:59:32 - 
17:59:32 - src\minecraft\net\minecraft\block\state\BlockStateContainer.java:346: warning: [deprecation] getMaterial(IBlockState) in Block has been deprecated
17:59:32 -             return this.block.getMaterial(this);
17:59:32 -                              ^
17:59:32 - 
17:59:32 - src\minecraft\net\minecraft\block\state\BlockStateContainer.java:351: warning: [deprecation] isFullBlock(IBlockState) in Block has been deprecated
17:59:32 -             return this.block.isFullBlock(this);
17:59:32 -                              ^
17:59:32 - 
17:59:32 - src\minecraft\net\minecraft\block\state\BlockStateContainer.java:356: warning: [deprecation] canEntitySpawn(IBlockState,Entity) in Block has been deprecated
17:59:32 -             return this.block.canEntitySpawn(this, entityIn);
17:59:32 -                              ^
17:59:32 - 
17:59:32 - src\minecraft\net\minecraft\block\state\BlockStateContainer.java:361: warning: [deprecation] getLightOpacity(IBlockState) in Block has been deprecated
17:59:32 -             return this.block.getLightOpacity(this);
17:59:32 -                              ^
17:59:32 - 
17:59:32 - src\minecraft\net\minecraft\block\state\BlockStateContainer.java:366: warning: [deprecation] getLightValue(IBlockState) in Block has been deprecated
17:59:32 -             return this.block.getLightValue(this);
17:59:32 -                              ^
17:59:32 - 
17:59:32 - src\minecraft\net\minecraft\block\state\BlockStateContainer.java:371: warning: [deprecation] isTranslucent(IBlockState) in Block has been deprecated
17:59:32 -             return this.block.isTranslucent(this);
17:59:32 -                              ^
17:59:32 - 
17:59:32 - src\minecraft\net\minecraft\block\state\BlockStateContainer.java:376: warning: [deprecation] getUseNeighborBrightness(IBlockState) in Block has been deprecated
17:59:32 -             return this.block.getUseNeighborBrightness(this);
17:59:32 -                              ^
17:59:32 - 
17:59:32 - src\minecraft\net\minecraft\block\state\BlockStateContainer.java:381: warning: [deprecation] getMapColor(IBlockState,IBlockAccess,BlockPos) in Block has been deprecated
17:59:32 -             return this.block.getMapColor(this, p_185909_1_, p_185909_2_);
17:59:32 -                              ^
17:59:32 - 
17:59:32 - src\minecraft\net\minecraft\block\state\BlockStateContainer.java:386: warning: [deprecation] withRotation(IBlockState,Rotation) in Block has been deprecated
17:59:32 -             return this.block.withRotation(this, rot);
17:59:32 -                              ^
17:59:32 - 
17:59:32 - src\minecraft\net\minecraft\block\state\BlockStateContainer.java:391: warning: [deprecation] withMirror(IBlockState,Mirror) in Block has been deprecated
17:59:32 -             return this.block.withMirror(this, mirrorIn);
17:59:32 -                              ^
17:59:32 - 
17:59:32 - src\minecraft\net\minecraft\block\state\BlockStateContainer.java:396: warning: [deprecation] isFullCube(IBlockState) in Block has been deprecated
17:59:32 -             return this.block.isFullCube(this);
17:59:32 -                              ^
17:59:32 - 
17:59:32 - src\minecraft\net\minecraft\block\state\BlockStateContainer.java:401: warning: [deprecation] func_190946_v(IBlockState) in Block has been deprecated
17:59:32 -             return this.block.func_190946_v(this);
17:59:32 -                              ^
17:59:32 - 
17:59:32 - src\minecraft\net\minecraft\block\state\BlockStateContainer.java:406: warning: [deprecation] getRenderType(IBlockState) in Block has been deprecated
17:59:32 -             return this.block.getRenderType(this);
17:59:32 -                              ^
17:59:32 - 
17:59:32 - src\minecraft\net\minecraft\block\state\BlockStateContainer.java:411: warning: [deprecation] getPackedLightmapCoords(IBlockState,IBlockAccess,BlockPos) in Block has been deprecated
17:59:32 -             return this.block.getPackedLightmapCoords(this, source, pos);
17:59:32 -                              ^
17:59:32 - 
17:59:32 - src\minecraft\net\minecraft\block\state\BlockStateContainer.java:416: warning: [deprecation] getAmbientOcclusionLightValue(IBlockState) in Block has been deprecated
17:59:32 -             return this.block.getAmbientOcclusionLightValue(this);
17:59:32 -                              ^
17:59:32 - 
17:59:32 - src\minecraft\net\minecraft\block\state\BlockStateContainer.java:421: warning: [deprecation] isBlockNormalCube(IBlockState) in Block has been deprecated
17:59:32 -             return this.block.isBlockNormalCube(this);
17:59:32 -                              ^
17:59:32 - 
17:59:32 - src\minecraft\net\minecraft\block\state\BlockStateContainer.java:426: warning: [deprecation] isNormalCube(IBlockState) in Block has been deprecated
17:59:32 -             return this.block.isNormalCube(this);
17:59:32 -                              ^
17:59:32 - 
17:59:32 - src\minecraft\net\minecraft\block\state\BlockStateContainer.java:431: warning: [deprecation] canProvidePower(IBlockState) in Block has been deprecated
17:59:32 -             return this.block.canProvidePower(this);
17:59:32 -                              ^
17:59:32 - 
17:59:32 - src\minecraft\net\minecraft\block\state\BlockStateContainer.java:436: warning: [deprecation] getWeakPower(IBlockState,IBlockAccess,BlockPos,EnumFacing) in Block has been deprecated
17:59:32 -             return this.block.getWeakPower(this, blockAccess, pos, side);
17:59:32 -                              ^
17:59:32 - 
17:59:32 - src\minecraft\net\minecraft\block\state\BlockStateContainer.java:441: warning: [deprecation] hasComparatorInputOverride(IBlockState) in Block has been deprecated
17:59:32 -             return this.block.hasComparatorInputOverride(this);
17:59:32 -                              ^
17:59:32 - 
17:59:32 - src\minecraft\net\minecraft\block\state\BlockStateContainer.java:446: warning: [deprecation] getComparatorInputOverride(IBlockState,World,BlockPos) in Block has been deprecated
17:59:32 -             return this.block.getComparatorInputOverride(this, worldIn, pos);
17:59:32 -                              ^
17:59:32 - 
17:59:32 - src\minecraft\net\minecraft\block\state\BlockStateContainer.java:451: warning: [deprecation] getBlockHardness(IBlockState,World,BlockPos) in Block has been deprecated
17:59:32 -             return this.block.getBlockHardness(this, worldIn, pos);
17:59:32 -                              ^
17:59:32 - 
17:59:32 - src\minecraft\net\minecraft\block\state\BlockStateContainer.java:456: warning: [deprecation] getPlayerRelativeBlockHardness(IBlockState,EntityPlayer,World,BlockPos) in Block has been deprecated
17:59:32 -             return this.block.getPlayerRelativeBlockHardness(this, player, worldIn, pos);
17:59:32 -                              ^
17:59:32 - 
17:59:32 - src\minecraft\net\minecraft\block\state\BlockStateContainer.java:461: warning: [deprecation] getStrongPower(IBlockState,IBlockAccess,BlockPos,EnumFacing) in Block has been deprecated
17:59:32 -             return this.block.getStrongPower(this, blockAccess, pos, side);
17:59:32 -                              ^
17:59:32 - 
17:59:32 - src\minecraft\net\minecraft\block\state\BlockStateContainer.java:466: warning: [deprecation] getMobilityFlag(IBlockState) in Block has been deprecated
17:59:32 -             return this.block.getMobilityFlag(this);
17:59:32 -                              ^
17:59:32 - 
17:59:32 - src\minecraft\net\minecraft\block\state\BlockStateContainer.java:471: warning: [deprecation] getActualState(IBlockState,IBlockAccess,BlockPos) in Block has been deprecated
17:59:32 -             return this.block.getActualState(this, blockAccess, pos);
17:59:32 -                              ^
17:59:32 - 
17:59:32 - src\minecraft\net\minecraft\block\state\BlockStateContainer.java:476: warning: [deprecation] getSelectedBoundingBox(IBlockState,World,BlockPos) in Block has been deprecated
17:59:32 -             return this.block.getSelectedBoundingBox(this, worldIn, pos);
17:59:32 -                              ^
17:59:32 - 
17:59:32 - src\minecraft\net\minecraft\block\state\BlockStateContainer.java:481: warning: [deprecation] shouldSideBeRendered(IBlockState,IBlockAccess,BlockPos,EnumFacing) in Block has been deprecated
17:59:32 -             return this.block.shouldSideBeRendered(this, blockAccess, pos, facing);
17:59:32 -                              ^
17:59:32 - 
17:59:32 - src\minecraft\net\minecraft\block\state\BlockStateContainer.java:486: warning: [deprecation] isOpaqueCube(IBlockState) in Block has been deprecated
17:59:32 -             return this.block.isOpaqueCube(this);
17:59:32 -                              ^
17:59:32 - 
17:59:32 - src\minecraft\net\minecraft\block\state\BlockStateContainer.java:492: warning: [deprecation] getCollisionBoundingBox(IBlockState,IBlockAccess,BlockPos) in Block has been deprecated
17:59:32 -             return this.block.getCollisionBoundingBox(this, worldIn, pos);
17:59:32 -                              ^
17:59:32 - 
17:59:32 - src\minecraft\net\minecraft\block\state\BlockStateContainer.java:497: warning: [deprecation] addCollisionBoxToList(IBlockState,World,BlockPos,AxisAlignedBB,List<AxisAlignedBB>,Entity,boolean) in Block has been deprecated
17:59:32 -             this.block.addCollisionBoxToList(this, worldIn, pos, p_185908_3_, p_185908_4_, p_185908_5_, p_185908_6_);
17:59:32 -                       ^
17:59:32 - 
17:59:32 - src\minecraft\net\minecraft\block\state\BlockStateContainer.java:506: warning: [deprecation] getBoundingBox(IBlockState,IBlockAccess,BlockPos) in Block has been deprecated
17:59:32 -                 AxisAlignedBB axisalignedbb = this.block.getBoundingBox(this, blockAccess, pos);
17:59:32 -                                                         ^
17:59:32 - 
17:59:32 - src\minecraft\net\minecraft\block\state\BlockStateContainer.java:512: warning: [deprecation] getBoundingBox(IBlockState,IBlockAccess,BlockPos) in Block has been deprecated
17:59:32 -                 return this.block.getBoundingBox(this, blockAccess, pos);
17:59:32 -                                  ^
17:59:32 - 
17:59:32 - src\minecraft\net\minecraft\block\state\BlockStateContainer.java:518: warning: [deprecation] collisionRayTrace(IBlockState,World,BlockPos,Vec3d,Vec3d) in Block has been deprecated
17:59:32 -             return this.block.collisionRayTrace(this, worldIn, pos, start, end);
17:59:32 -                              ^
17:59:32 - 
17:59:32 - src\minecraft\net\minecraft\block\state\BlockStateContainer.java:523: warning: [deprecation] isFullyOpaque(IBlockState) in Block has been deprecated
17:59:32 -             return this.block.isFullyOpaque(this);
17:59:32 -                              ^
17:59:32 - 
17:59:32 - src\minecraft\net\minecraft\block\state\BlockStateContainer.java:528: warning: [deprecation] func_190949_e(IBlockState,IBlockAccess,BlockPos) in Block has been deprecated
17:59:32 -             return this.block.func_190949_e(this, p_191059_1_, p_191059_2_);
17:59:32 -                              ^
17:59:32 - 
17:59:32 - src\minecraft\net\minecraft\block\state\BlockStateContainer.java:533: warning: [deprecation] eventReceived(IBlockState,World,BlockPos,int,int) in Block has been deprecated
17:59:32 -             return this.block.eventReceived(this, worldIn, pos, id, param);
17:59:32 -                              ^
17:59:32 - 
17:59:32 - src\minecraft\net\minecraft\block\state\BlockStateContainer.java:538: warning: [deprecation] neighborChanged(IBlockState,World,BlockPos,Block,BlockPos) in Block has been deprecated
17:59:32 -             this.block.neighborChanged(this, worldIn, pos, blockIn, p_189546_4_);
17:59:32 -                       ^
17:59:32 - 
17:59:32 - src\minecraft\net\minecraft\block\state\BlockStateContainer.java:543: warning: [deprecation] causesSuffocation(IBlockState) in Block has been deprecated
17:59:32 -             return this.block.causesSuffocation(this);
17:59:32 -                              ^
17:59:32 - 
17:59:32 - src\minecraft\net\minecraft\block\state\BlockStateContainer.java:573: warning: [deprecation] func_193383_a(IBlockAccess,IBlockState,BlockPos,EnumFacing) in Block has been deprecated
17:59:32 -             return this.block.func_193383_a(p_193401_1_, this, p_193401_2_, p_193401_3_);
17:59:32 -                              ^
17:59:32 - 
17:59:32 - src\minecraft\net\minecraft\util\DamageSource.java:238: warning: [deprecation] I18n in net.minecraft.util.text.translation has been deprecated
17:59:32 -         return entitylivingbase != null && I18n.canTranslate(s1) ? new TextComponentTranslation(s1, new Object[] {entityLivingBaseIn.getDisplayName(), entitylivingbase.getDisplayName()}) : new TextComponentTranslation(s, new Object[] {entityLivingBaseIn.getDisplayName()});
17:59:32 -                                            ^
17:59:32 - 
17:59:32 - src\minecraft\net\minecraft\util\DamageSource.java:238: warning: [deprecation] canTranslate(String) in I18n has been deprecated
17:59:32 -         return entitylivingbase != null && I18n.canTranslate(s1) ? new TextComponentTranslation(s1, new Object[] {entityLivingBaseIn.getDisplayName(), entitylivingbase.getDisplayName()}) : new TextComponentTranslation(s, new Object[] {entityLivingBaseIn.getDisplayName()});
17:59:32 -                                                ^
17:59:32 - 
17:59:32 - src\minecraft\net\minecraft\entity\item\EntityItem.java:433: warning: [deprecation] I18n in net.minecraft.util.text.translation has been deprecated
17:59:32 -         return this.hasCustomName() ? this.getCustomNameTag() : I18n.translateToLocal("item." + this.getEntityItem().getUnlocalizedName());
17:59:32 -                                                                 ^
17:59:32 - 
17:59:32 - src\minecraft\net\minecraft\entity\item\EntityItem.java:433: warning: [deprecation] translateToLocal(String) in I18n has been deprecated
17:59:32 -         return this.hasCustomName() ? this.getCustomNameTag() : I18n.translateToLocal("item." + this.getEntityItem().getUnlocalizedName());
17:59:32 -                                                                     ^
17:59:32 - 
17:59:32 - src\minecraft\net\minecraft\potion\PotionEffect.java:268: warning: [deprecation] compare(Boolean,Boolean) in ComparisonChain has been deprecated
17:59:32 -         return (this.getDuration() <= 32147 || p_compareTo_1_.getDuration() <= 32147) && (!this.getIsAmbient() || !p_compareTo_1_.getIsAmbient()) ? ComparisonChain.start().compare(Boolean.valueOf(this.getIsAmbient()), Boolean.valueOf(p_compareTo_1_.getIsAmbient())).compare(this.getDuration(), p_compareTo_1_.getDuration()).compare(this.getPotion().getLiquidColor(), p_compareTo_1_.getPotion().getLiquidColor()).result() : ComparisonChain.start().compare(Boolean.valueOf(this.getIsAmbient()), Boolean.valueOf(p_compareTo_1_.getIsAmbient())).compare(this.getPotion().getLiquidColor(), p_compareTo_1_.getPotion().getLiquidColor()).result();
17:59:32 -                                                                                                                                                                            ^
17:59:32 - 
17:59:32 - src\minecraft\net\minecraft\potion\PotionEffect.java:268: warning: [deprecation] compare(Boolean,Boolean) in ComparisonChain has been deprecated
17:59:32 -         return (this.getDuration() <= 32147 || p_compareTo_1_.getDuration() <= 32147) && (!this.getIsAmbient() || !p_compareTo_1_.getIsAmbient()) ? ComparisonChain.start().compare(Boolean.valueOf(this.getIsAmbient()), Boolean.valueOf(p_compareTo_1_.getIsAmbient())).compare(this.getDuration(), p_compareTo_1_.getDuration()).compare(this.getPotion().getLiquidColor(), p_compareTo_1_.getPotion().getLiquidColor()).result() : ComparisonChain.start().compare(Boolean.valueOf(this.getIsAmbient()), Boolean.valueOf(p_compareTo_1_.getIsAmbient())).compare(this.getPotion().getLiquidColor(), p_compareTo_1_.getPotion().getLiquidColor()).result();
17:59:32 -                                                                                                                                                                                                                                                                                                                                                                                                                                                               ^
17:59:32 - 
17:59:32 - src\minecraft\net\minecraft\world\chunk\Chunk.java:354: warning: [deprecation] getChunksLowestHorizon(int,int) in World has been deprecated
17:59:32 -                             j1 = Math.min(j1, this.worldObj.getChunksLowestHorizon(l + enumfacing.getFrontOffsetX(), i1 + enumfacing.getFrontOffsetZ()));
17:59:32 -                                                            ^
17:59:32 - 
17:59:32 - src\minecraft\net\minecraft\stats\StatisticsManagerServer.java:46: warning: [deprecation] readFileToString(File) in FileUtils has been deprecated
17:59:32 -                 this.statsData.putAll(this.parseJson(FileUtils.readFileToString(this.statsFile)));
17:59:32 -                                                               ^
17:59:32 - 
17:59:32 - src\minecraft\net\minecraft\stats\StatisticsManagerServer.java:63: warning: [deprecation] writeStringToFile(File,String) in FileUtils has been deprecated
17:59:32 -             FileUtils.writeStringToFile(this.statsFile, dumpJson(this.statsData));
17:59:33 -                      ^
17:59:33 - 
17:59:33 - src\minecraft\modules\ClickGui.java:31: error: cannot find symbol
17:59:33 -         for (Module m : Mods.main("Spider")) { // TODO:Import your modules
17:59:33 -              ^
17:59:33 - 
17:59:33 -   symbol:   class Module
17:59:33 -   location: class ClickGui
17:59:33 - src\minecraft\modules\ClickGui.java:31: error: for-each not applicable to expression type
17:59:33 -         for (Module m : Mods.main("Spider")) { // TODO:Import your modules
17:59:33 -                                  ^
17:59:33 - 
17:59:33 -   required: array or java.lang.Iterable
17:59:33 -   found:    String
17:59:33 - 2 errors
17:59:33 - 100 warnings
17:59:33 - ==================
17:59:33 - 
17:59:33 - !! Can not find server sources, try decompiling !!
18:00:31 - "scalac" is not found on the PATH.  Scala files will not be recompiled
18:02:46 - !! Can not find server sources, try decompiling !!
18:02:53 - "scalac" is not found on the PATH.  Scala files will not be recompiled
05:31:11 - "scalac" is not found on the PATH.  Scala files will not be recompiled
05:33:37 - !! Can not find server sources, try decompiling !!
05:41:37 - "scalac" is not found on the PATH.  Scala files will not be recompiled
05:47:33 - "scalac" is not found on the PATH.  Scala files will not be recompiled
05:50:24 - !! Can not find server sources, try decompiling !!
05:53:52 - "scalac" is not found on the PATH.  Scala files will not be recompiled
09:20:05 - "scalac" is not found on the PATH.  Scala files will not be recompiled
09:22:38 - !! Can not find server sources, try decompiling !!
09:26:53 - "scalac" is not found on the PATH.  Scala files will not be recompiled
09:29:51 - "scalac" is not found on the PATH.  Scala files will not be recompiled
10:52:52 - "scalac" is not found on the PATH.  Scala files will not be recompiled
11:22:34 - "scalac" is not found on the PATH.  Scala files will not be recompiled
12:30:13 - "scalac" is not found on the PATH.  Scala files will not be recompiled
14:23:21 - "scalac" is not found on the PATH.  Scala files will not be recompiled
14:25:34 - !! Can not find server sources, try decompiling !!
14:26:07 - "scalac" is not found on the PATH.  Scala files will not be recompiled
